#
# There is insufficient memory for the Java Runtime Environment to continue.
# Native memory allocation (malloc) failed to allocate 313056 bytes for Chunk::new
# Possible reasons:
#   The system is out of physical RAM or swap space
#   The process is running with CompressedOops enabled, and the Java Heap may be blocking the growth of the native heap
# Possible solutions:
#   Reduce memory load on the system
#   Increase physical memory or swap space
#   Check if swap backing store is full
#   Decrease Java heap size (-Xmx/-Xms)
#   Decrease number of Java threads
#   Decrease Java thread stack sizes (-Xss)
#   Set larger code cache with -XX:ReservedCodeCacheSize=
#   JVM is running with Unscaled Compressed Oops mode in which the Java heap is
#     placed in the first 4GB address space. The Java Heap base address is the
#     maximum limit for the native heap growth. Please use -XX:HeapBaseMinAddress
#     to set the Java Heap base and to place the Java Heap above 4GB virtual address.
# This output file may be truncated or incomplete.
#
#  Out of Memory Error (allocation.cpp:389), pid=2604, tid=0x0000000000001690
#
# JRE version: OpenJDK Runtime Environment (8.0_242-b01) (build 1.8.0_242-release-1644-b01)
# Java VM: OpenJDK 64-Bit Server VM (25.242-b01 mixed mode windows-amd64 compressed oops)
# Failed to write core dump. Minidumps are not enabled by default on client versions of Windows
#

---------------  T H R E A D  ---------------

Current thread (0x0000000017be6000):  JavaThread "C2 CompilerThread0" daemon [_thread_in_native, id=5776, stack(0x0000000019270000,0x0000000019370000)]

Stack: [0x0000000019270000,0x0000000019370000]
[error occurred during error reporting (printing stack bounds), id 0xc0000005]

Native frames: (J=compiled Java code, j=interpreted, Vv=VM code, C=native code)


Current CompileTask:
C2:  14088 4742       4       org.objectweb.asm.Frame::merge (395 bytes)


---------------  P R O C E S S  ---------------

Java Threads: ( => current thread )
  0x000000001a984800 JavaThread "Cache worker for Build Output Cleanup Cache (C:\Users\stigboss\AndroidStudioProjects\Chat\.gradle\buildOutputCleanup)" [_thread_blocked, id=6124, stack(0x0000000028880000,0x0000000028980000)]
  0x000000001a980000 JavaThread "jar transforms Thread 92" [_thread_blocked, id=5956, stack(0x0000000028580000,0x0000000028680000)]
  0x000000001a982800 JavaThread "jar transforms Thread 91" [_thread_blocked, id=10192, stack(0x0000000028480000,0x0000000028580000)]
  0x000000001a978800 JavaThread "jar transforms Thread 90" [_thread_blocked, id=8884, stack(0x0000000028380000,0x0000000028480000)]
  0x000000001a97f800 JavaThread "jar transforms Thread 89" [_thread_blocked, id=11216, stack(0x0000000028280000,0x0000000028380000)]
  0x000000001a97e000 JavaThread "jar transforms Thread 88" [_thread_blocked, id=8432, stack(0x0000000028180000,0x0000000028280000)]
  0x000000001a97d000 JavaThread "jar transforms Thread 87" [_thread_blocked, id=9788, stack(0x0000000028080000,0x0000000028180000)]
  0x000000001a979800 JavaThread "jar transforms Thread 86" [_thread_blocked, id=1032, stack(0x0000000027f80000,0x0000000028080000)]
  0x000000001a97e800 JavaThread "jar transforms Thread 85" [_thread_blocked, id=7112, stack(0x0000000027e80000,0x0000000027f80000)]
  0x000000001a97c800 JavaThread "jar transforms Thread 84" [_thread_blocked, id=10296, stack(0x0000000027d80000,0x0000000027e80000)]
  0x000000001a977000 JavaThread "jar transforms Thread 83" [_thread_blocked, id=9196, stack(0x0000000027c80000,0x0000000027d80000)]
  0x000000001a97b800 JavaThread "jar transforms Thread 82" [_thread_blocked, id=5300, stack(0x0000000027b80000,0x0000000027c80000)]
  0x000000001a97a000 JavaThread "jar transforms Thread 81" [_thread_blocked, id=1880, stack(0x0000000027a80000,0x0000000027b80000)]
  0x000000001a978000 JavaThread "jar transforms Thread 80" [_thread_blocked, id=9480, stack(0x0000000027980000,0x0000000027a80000)]
  0x000000001a97b000 JavaThread "jar transforms Thread 79" [_thread_blocked, id=4296, stack(0x0000000027880000,0x0000000027980000)]
  0x000000001ea29000 JavaThread "jar transforms Thread 78" [_thread_blocked, id=1296, stack(0x0000000027780000,0x0000000027880000)]
  0x000000001ea28800 JavaThread "jar transforms Thread 77" [_thread_blocked, id=3204, stack(0x0000000027680000,0x0000000027780000)]
  0x000000001ea27800 JavaThread "jar transforms Thread 76" [_thread_blocked, id=7764, stack(0x0000000027580000,0x0000000027680000)]
  0x000000001ea2a000 JavaThread "jar transforms Thread 75" [_thread_blocked, id=6524, stack(0x0000000027480000,0x0000000027580000)]
  0x000000001ea27000 JavaThread "jar transforms Thread 74" [_thread_blocked, id=5568, stack(0x0000000027380000,0x0000000027480000)]
  0x000000001ea2a800 JavaThread "jar transforms Thread 73" [_thread_blocked, id=8996, stack(0x0000000027280000,0x0000000027380000)]
  0x000000001ea26000 JavaThread "jar transforms Thread 72" [_thread_blocked, id=11092, stack(0x0000000027180000,0x0000000027280000)]
  0x000000001ea25800 JavaThread "jar transforms Thread 71" [_thread_blocked, id=11128, stack(0x0000000027080000,0x0000000027180000)]
  0x000000001ea24800 JavaThread "jar transforms Thread 70" [_thread_blocked, id=3048, stack(0x0000000026f80000,0x0000000027080000)]
  0x000000001ea2b800 JavaThread "jar transforms Thread 69" [_thread_blocked, id=9724, stack(0x0000000026e80000,0x0000000026f80000)]
  0x000000001ea1d000 JavaThread "jar transforms Thread 68" [_thread_blocked, id=3568, stack(0x0000000026d80000,0x0000000026e80000)]
  0x000000001ea24000 JavaThread "jar transforms Thread 67" [_thread_blocked, id=2760, stack(0x0000000026c80000,0x0000000026d80000)]
  0x000000001ea23000 JavaThread "jar transforms Thread 66" [_thread_blocked, id=9944, stack(0x0000000026b80000,0x0000000026c80000)]
  0x000000001ea22800 JavaThread "jar transforms Thread 65" [_thread_blocked, id=3376, stack(0x0000000026a80000,0x0000000026b80000)]
  0x000000001ea21800 JavaThread "jar transforms Thread 64" [_thread_blocked, id=8980, stack(0x0000000026980000,0x0000000026a80000)]
  0x000000001ea1e800 JavaThread "jar transforms Thread 63" [_thread_blocked, id=8384, stack(0x0000000026880000,0x0000000026980000)]
  0x000000001ea1c800 JavaThread "jar transforms Thread 62" [_thread_blocked, id=7896, stack(0x0000000026780000,0x0000000026880000)]
  0x000000001ea1e000 JavaThread "jar transforms Thread 61" [_thread_blocked, id=3552, stack(0x0000000026680000,0x0000000026780000)]
  0x000000001ea21000 JavaThread "jar transforms Thread 60" [_thread_blocked, id=9412, stack(0x0000000026580000,0x0000000026680000)]
  0x000000001ea20000 JavaThread "jar transforms Thread 59" [_thread_blocked, id=4324, stack(0x0000000026480000,0x0000000026580000)]
  0x000000001ea1f800 JavaThread "jar transforms Thread 58" [_thread_blocked, id=8644, stack(0x0000000026380000,0x0000000026480000)]
  0x000000001afdd800 JavaThread "jar transforms Thread 57" [_thread_blocked, id=7968, stack(0x0000000026280000,0x0000000026380000)]
  0x000000001afdc800 JavaThread "jar transforms Thread 56" [_thread_blocked, id=4492, stack(0x0000000026180000,0x0000000026280000)]
  0x000000001afdb000 JavaThread "jar transforms Thread 55" [_thread_blocked, id=10556, stack(0x0000000026080000,0x0000000026180000)]
  0x000000001afda800 JavaThread "jar transforms Thread 54" [_thread_blocked, id=3932, stack(0x0000000025f80000,0x0000000026080000)]
  0x000000001afdc000 JavaThread "jar transforms Thread 53" [_thread_blocked, id=2160, stack(0x0000000025e80000,0x0000000025f80000)]
  0x000000001afd9800 JavaThread "jar transforms Thread 52" [_thread_blocked, id=6248, stack(0x0000000025d80000,0x0000000025e80000)]
  0x000000001afd9000 JavaThread "jar transforms Thread 51" [_thread_blocked, id=9792, stack(0x0000000025c80000,0x0000000025d80000)]
  0x000000001afd8000 JavaThread "jar transforms Thread 50" [_thread_blocked, id=10160, stack(0x0000000025b80000,0x0000000025c80000)]
  0x000000001afd1800 JavaThread "jar transforms Thread 49" [_thread_blocked, id=3324, stack(0x0000000025a80000,0x0000000025b80000)]
  0x000000001afd0800 JavaThread "jar transforms Thread 48" [_thread_blocked, id=8652, stack(0x0000000025980000,0x0000000025a80000)]
  0x000000001afd7800 JavaThread "jar transforms Thread 47" [_thread_blocked, id=8920, stack(0x0000000025880000,0x0000000025980000)]
  0x000000001afd0000 JavaThread "jar transforms Thread 46" [_thread_blocked, id=8548, stack(0x0000000025780000,0x0000000025880000)]
  0x000000001afd6800 JavaThread "jar transforms Thread 45" [_thread_blocked, id=8412, stack(0x0000000025680000,0x0000000025780000)]
  0x000000001afcf000 JavaThread "jar transforms Thread 44" [_thread_blocked, id=8128, stack(0x0000000025580000,0x0000000025680000)]
  0x000000001afd6000 JavaThread "jar transforms Thread 43" [_thread_blocked, id=2096, stack(0x0000000025480000,0x0000000025580000)]
  0x000000001afce800 JavaThread "jar transforms Thread 42" [_thread_blocked, id=2840, stack(0x0000000025380000,0x0000000025480000)]
  0x000000001afd4800 JavaThread "jar transforms Thread 41" [_thread_blocked, id=9004, stack(0x0000000025280000,0x0000000025380000)]
  0x000000001afd5000 JavaThread "jar transforms Thread 40" [_thread_blocked, id=8284, stack(0x0000000025180000,0x0000000025280000)]
  0x000000001afd3800 JavaThread "jar transforms Thread 39" [_thread_blocked, id=9616, stack(0x0000000025080000,0x0000000025180000)]
  0x000000001afd3000 JavaThread "jar transforms Thread 38" [_thread_blocked, id=6200, stack(0x0000000024f80000,0x0000000025080000)]
  0x000000001afd2000 JavaThread "jar transforms Thread 37" [_thread_blocked, id=5044, stack(0x0000000024e80000,0x0000000024f80000)]
  0x000000001b1e8800 JavaThread "jar transforms Thread 36" [_thread_blocked, id=7536, stack(0x0000000024d80000,0x0000000024e80000)]
  0x000000001b1eb800 JavaThread "jar transforms Thread 35" [_thread_blocked, id=7428, stack(0x0000000024c80000,0x0000000024d80000)]
  0x000000001b1ea800 JavaThread "jar transforms Thread 34" [_thread_blocked, id=7596, stack(0x0000000024b80000,0x0000000024c80000)]
  0x000000001b1e6000 JavaThread "jar transforms Thread 33" [_thread_blocked, id=8820, stack(0x0000000024a80000,0x0000000024b80000)]
  0x000000001b1e9000 JavaThread "jar transforms Thread 32" [_thread_blocked, id=8232, stack(0x0000000024980000,0x0000000024a80000)]
  0x000000001b1e7800 JavaThread "jar transforms Thread 31" [_thread_blocked, id=1204, stack(0x0000000024880000,0x0000000024980000)]
  0x000000001b1e4800 JavaThread "jar transforms Thread 30" [_thread_blocked, id=3740, stack(0x0000000024780000,0x0000000024880000)]
  0x000000001b1e5800 JavaThread "jar transforms Thread 29" [_thread_blocked, id=1268, stack(0x0000000024680000,0x0000000024780000)]
  0x000000001b1e4000 JavaThread "jar transforms Thread 28" [_thread_blocked, id=11040, stack(0x0000000024580000,0x0000000024680000)]
  0x000000001b1e7000 JavaThread "jar transforms Thread 27" [_thread_blocked, id=2024, stack(0x0000000024480000,0x0000000024580000)]
  0x000000001b1ea000 JavaThread "jar transforms Thread 26" [_thread_blocked, id=9908, stack(0x0000000024380000,0x0000000024480000)]
  0x000000001b1e1800 JavaThread "jar transforms Thread 25" [_thread_blocked, id=1364, stack(0x0000000024280000,0x0000000024380000)]
  0x000000001b1dd000 JavaThread "jar transforms Thread 24" [_thread_blocked, id=700, stack(0x0000000024180000,0x0000000024280000)]
  0x000000001b1e3000 JavaThread "jar transforms Thread 23" [_thread_blocked, id=3556, stack(0x0000000024080000,0x0000000024180000)]
  0x000000001b1e0000 JavaThread "jar transforms Thread 22" [_thread_blocked, id=10476, stack(0x0000000023f80000,0x0000000024080000)]
  0x000000001b1e2800 JavaThread "jar transforms Thread 21" [_thread_blocked, id=6468, stack(0x0000000023e80000,0x0000000023f80000)]
  0x000000001b1dc800 JavaThread "jar transforms Thread 20" [_thread_blocked, id=6812, stack(0x0000000023d80000,0x0000000023e80000)]
  0x000000001b1df800 JavaThread "jar transforms Thread 19" [_thread_blocked, id=10208, stack(0x0000000023c80000,0x0000000023d80000)]
  0x000000001b1e1000 JavaThread "jar transforms Thread 18" [_thread_blocked, id=10388, stack(0x0000000023b80000,0x0000000023c80000)]
  0x000000001b1de800 JavaThread "jar transforms Thread 17" [_thread_blocked, id=10760, stack(0x0000000023a80000,0x0000000023b80000)]
  0x000000001b1de000 JavaThread "jar transforms Thread 16" [_thread_blocked, id=9960, stack(0x0000000023980000,0x0000000023a80000)]
  0x000000001e586800 JavaThread "jar transforms Thread 15" [_thread_blocked, id=11252, stack(0x0000000023880000,0x0000000023980000)]
  0x000000001e583800 JavaThread "jar transforms Thread 14" [_thread_blocked, id=68, stack(0x0000000023780000,0x0000000023880000)]
  0x000000001e585800 JavaThread "jar transforms Thread 13" [_thread_blocked, id=9580, stack(0x0000000023680000,0x0000000023780000)]
  0x000000001e585000 JavaThread "jar transforms Thread 12" [_thread_blocked, id=3200, stack(0x0000000023580000,0x0000000023680000)]
  0x000000001e582800 JavaThread "jar transforms Thread 11" [_thread_blocked, id=2744, stack(0x0000000023480000,0x0000000023580000)]
  0x000000001e584000 JavaThread "jar transforms Thread 10" [_thread_blocked, id=6104, stack(0x0000000023380000,0x0000000023480000)]
  0x000000001e57b000 JavaThread "jar transforms Thread 9" [_thread_blocked, id=5620, stack(0x0000000023280000,0x0000000023380000)]
  0x000000001e582000 JavaThread "jar transforms Thread 8" [_thread_blocked, id=8252, stack(0x0000000023180000,0x0000000023280000)]
  0x000000001e581000 JavaThread "jar transforms Thread 7" [_thread_blocked, id=6584, stack(0x0000000023080000,0x0000000023180000)]
  0x000000001e580800 JavaThread "jar transforms Thread 6" [_thread_blocked, id=7300, stack(0x0000000022f80000,0x0000000023080000)]
  0x000000001e57f800 JavaThread "jar transforms Thread 5" [_thread_blocked, id=7732, stack(0x0000000022e80000,0x0000000022f80000)]
  0x000000001e57f000 JavaThread "jar transforms Thread 4" [_thread_blocked, id=1540, stack(0x0000000022d80000,0x0000000022e80000)]
  0x000000001e57c000 JavaThread "jar transforms Thread 3" [_thread_blocked, id=392, stack(0x0000000022c80000,0x0000000022d80000)]
  0x000000001e579800 JavaThread "jar transforms Thread 2" [_thread_blocked, id=9612, stack(0x0000000022b80000,0x0000000022c80000)]
  0x000000001e578000 JavaThread "Build operations Thread 4" [_thread_blocked, id=8632, stack(0x0000000022a80000,0x0000000022b80000)]
  0x000000001e579000 JavaThread "Build operations Thread 3" [_thread_blocked, id=6244, stack(0x0000000022980000,0x0000000022a80000)]
  0x000000001e577800 JavaThread "Build operations Thread 2" [_thread_blocked, id=1848, stack(0x0000000022880000,0x0000000022980000)]
  0x000000001e57e000 JavaThread "Build operations" [_thread_blocked, id=8832, stack(0x0000000022780000,0x0000000022880000)]
  0x000000001b71e800 JavaThread "Cache worker for file content cache (C:\Users\stigboss\.gradle\caches\6.5\fileContent)" [_thread_blocked, id=5980, stack(0x0000000022080000,0x0000000022180000)]
  0x000000001b71d800 JavaThread "jar transforms" [_thread_blocked, id=10904, stack(0x0000000021f80000,0x0000000022080000)]
  0x000000001b71d000 JavaThread "Cache worker for execution history cache (C:\Users\stigboss\.gradle\caches\6.5\executionHistory)" [_thread_blocked, id=1788, stack(0x0000000021730000,0x0000000021830000)]
  0x000000001b71c000 JavaThread "Cache worker for cache directory md-rule (C:\Users\stigboss\.gradle\caches\6.5\md-rule)" [_thread_blocked, id=9280, stack(0x0000000020630000,0x0000000020730000)]
  0x000000001b71b800 JavaThread "Cache worker for cache directory md-supplier (C:\Users\stigboss\.gradle\caches\6.5\md-supplier)" [_thread_blocked, id=3980, stack(0x0000000020530000,0x0000000020630000)]
  0x000000001b71a800 JavaThread "Cache worker for checksums cache (C:\Users\stigboss\AndroidStudioProjects\Chat\.gradle\checksums)" [_thread_blocked, id=6052, stack(0x0000000020430000,0x0000000020530000)]
  0x000000001b71a000 JavaThread "Cache worker for file hash cache (C:\Users\stigboss\AndroidStudioProjects\Chat\.gradle\6.5\fileHashes)" [_thread_blocked, id=9348, stack(0x0000000020130000,0x0000000020230000)]
  0x000000001b719000 JavaThread "Cache worker for file hash cache (C:\Users\stigboss\.gradle\caches\6.5\fileHashes)" [_thread_blocked, id=9780, stack(0x000000001ec60000,0x000000001ed60000)]
  0x000000001b718800 JavaThread "File lock request listener" [_thread_in_native, id=1136, stack(0x000000001da90000,0x000000001db90000)]
  0x000000001b5ff800 JavaThread "Cache worker for journal cache (C:\Users\stigboss\.gradle\caches\journal-1)" [_thread_blocked, id=9260, stack(0x000000001d990000,0x000000001da90000)]
  0x000000001b570800 JavaThread "Thread-9" [_thread_blocked, id=6404, stack(0x000000001d690000,0x000000001d790000)]
  0x000000001b56b800 JavaThread "Stdin handler" [_thread_blocked, id=4968, stack(0x000000001d590000,0x000000001d690000)]
  0x000000001b56b000 JavaThread "Asynchronous log dispatcher for DefaultDaemonConnection: socket connection from /127.0.0.1:57800 to /127.0.0.1:57803" [_thread_blocked, id=6092, stack(0x000000001d490000,0x000000001d590000)]
  0x000000001b56a800 JavaThread "Daemon worker" [_thread_in_native, id=10304, stack(0x000000001d390000,0x000000001d490000)]
  0x000000001b5b8800 JavaThread "Cancel handler" [_thread_blocked, id=8256, stack(0x000000001d290000,0x000000001d390000)]
  0x000000001b553800 JavaThread "Handler for socket connection from /127.0.0.1:57800 to /127.0.0.1:57803" [_thread_in_native, id=7616, stack(0x000000001d190000,0x000000001d290000)]
  0x000000001b551000 JavaThread "Daemon" [_thread_blocked, id=6376, stack(0x000000001d090000,0x000000001d190000)]
  0x000000001b550000 JavaThread "Daemon periodic checks" [_thread_blocked, id=9656, stack(0x000000001cf90000,0x000000001d090000)]
  0x000000001b4de000 JavaThread "Incoming local TCP Connector on port 57800" [_thread_in_native, id=2916, stack(0x000000001cb50000,0x000000001cc50000)]
  0x000000001b42e800 JavaThread "Daemon health stats" [_thread_blocked, id=1636, stack(0x000000001c510000,0x000000001c610000)]
  0x000000001959a800 JavaThread "Service Thread" daemon [_thread_blocked, id=2056, stack(0x0000000019970000,0x0000000019a70000)]
  0x0000000017c0e000 JavaThread "C1 CompilerThread2" daemon [_thread_in_vm, id=8724, stack(0x0000000019470000,0x0000000019570000)]
  0x0000000017bec000 JavaThread "C2 CompilerThread1" daemon [_thread_blocked, id=8408, stack(0x0000000019370000,0x0000000019470000)]
=>0x0000000017be6000 JavaThread "C2 CompilerThread0" daemon [_thread_in_native, id=5776, stack(0x0000000019270000,0x0000000019370000)]
  0x0000000017be4800 JavaThread "Attach Listener" daemon [_thread_blocked, id=9464, stack(0x0000000019170000,0x0000000019270000)]
  0x0000000017be3000 JavaThread "Signal Dispatcher" daemon [_thread_blocked, id=4084, stack(0x0000000019070000,0x0000000019170000)]
  0x0000000002fbb000 JavaThread "Finalizer" daemon [_thread_blocked, id=7440, stack(0x0000000018e70000,0x0000000018f70000)]
  0x0000000017bc9000 JavaThread "Reference Handler" daemon [_thread_blocked, id=11244, stack(0x0000000018d70000,0x0000000018e70000)]
  0x0000000002ebe000 JavaThread "main" [_thread_blocked, id=8292, stack(0x0000000002d50000,0x0000000002e50000)]

Other Threads:
  0x0000000017ba6000 VMThread [stack: 0x0000000018c70000,0x0000000018d70000] [id=9336]
  0x00000000195b6800 WatcherThread [stack: 0x0000000019a70000,0x0000000019b70000] [id=1616]

VM state:not at safepoint (normal execution)

VM Mutex/Monitor currently owned by a thread: None

heap address: 0x0000000080000000, size: 2048 MB, Compressed Oops mode: 32-bit
Narrow klass base: 0x0000000000000000, Narrow klass shift: 3
Compressed class space size: 1073741824 Address: 0x0000000100000000

Heap:
 PSYoungGen      total 410112K, used 72154K [0x00000000d5580000, 0x00000000f2100000, 0x0000000100000000)
  eden space 394752K, 14% used [0x00000000d5580000,0x00000000d8cfced0,0x00000000ed700000)
  from space 15360K, 99% used [0x00000000f1200000,0x00000000f20f9bd0,0x00000000f2100000)
  to   space 20480K, 0% used [0x00000000ef900000,0x00000000ef900000,0x00000000f0d00000)
 ParOldGen       total 76288K, used 20947K [0x0000000080000000, 0x0000000084a80000, 0x00000000d5580000)
  object space 76288K, 27% used [0x0000000080000000,0x0000000081474e50,0x0000000084a80000)
 Metaspace       used 52540K, capacity 54634K, committed 54824K, reserved 1097728K
  class space    used 7036K, capacity 7443K, committed 7472K, reserved 1048576K

Card table byte_map: [0x0000000012380000,0x0000000012790000] byte_map_base: 0x0000000011f80000

Marking Bits: (ParMarkBitMap*) 0x000000005f57f030
 Begin Bits: [0x0000000012e40000, 0x0000000014e40000)
 End Bits:   [0x0000000014e40000, 0x0000000016e40000)

Polling page: 0x0000000001150000

CodeCache: size=245760Kb used=15384Kb max_used=15384Kb free=230375Kb
 bounds [0x0000000002fc0000, 0x0000000003ee0000, 0x0000000011fc0000]
 total_blobs=5202 nmethods=4439 adapters=675
 compilation: enabled

Compilation events (10 events):
Event: 13.970 Thread 0x0000000017c0e000 4783       3       org.gradle.configuration.internal.UserCodeApplicationId::longValue (5 bytes)
Event: 13.970 Thread 0x0000000017c0e000 nmethod 4783 0x00000000032fc5d0 code [0x00000000032fc720, 0x00000000032fc870]
Event: 13.970 Thread 0x0000000017c0e000 4784       3       org.gradle.tooling.internal.provider.runner.PluginApplicationTracker::track (16 bytes)
Event: 13.970 Thread 0x0000000017c0e000 nmethod 4784 0x00000000032fc0d0 code [0x00000000032fc240, 0x00000000032fc4e8]
Event: 13.970 Thread 0x0000000017c0e000 4785       3       org.gradle.tooling.internal.provider.runner.ClientForwardingProjectConfigurationOperationListener$$Lambda$144/192786445::get$Lambda (9 bytes)
Event: 13.970 Thread 0x0000000017c0e000 nmethod 4785 0x00000000032fbc10 code [0x00000000032fbd80, 0x00000000032fbfd0]
Event: 13.970 Thread 0x0000000017c0e000 4787       1       java.util.EnumMap::access$600 (5 bytes)
Event: 13.971 Thread 0x0000000017c0e000 nmethod 4787 0x00000000032fb950 code [0x00000000032fbaa0, 0x00000000032fbb90]
Event: 13.971 Thread 0x0000000017c0e000 4786       3       org.gradle.tooling.internal.provider.runner.ClientForwardingProjectConfigurationOperationListener$$Lambda$144/192786445::<init> (10 bytes)
Event: 13.971 Thread 0x0000000017c0e000 nmethod 4786 0x00000000032fb590 code [0x00000000032fb6e0, 0x00000000032fb8b0]

GC Heap History (10 events):
Event: 3.950 GC heap before
{Heap before GC invocations=6 (full 1):
 PSYoungGen      total 138240K, used 5088K [0x00000000d5580000, 0x00000000e7380000, 0x0000000100000000)
  eden space 133120K, 0% used [0x00000000d5580000,0x00000000d5580000,0x00000000dd780000)
  from space 5120K, 99% used [0x00000000dd780000,0x00000000ddc78030,0x00000000ddc80000)
  to   space 13312K, 0% used [0x00000000e6680000,0x00000000e6680000,0x00000000e7380000)
 ParOldGen       total 87552K, used 11012K [0x0000000080000000, 0x0000000085580000, 0x00000000d5580000)
  object space 87552K, 12% used [0x0000000080000000,0x0000000080ac12e0,0x0000000085580000)
 Metaspace       used 20598K, capacity 21224K, committed 21296K, reserved 1067008K
  class space    used 2873K, capacity 3076K, committed 3120K, reserved 1048576K
Event: 3.993 GC heap after
Heap after GC invocations=6 (full 1):
 PSYoungGen      total 138240K, used 0K [0x00000000d5580000, 0x00000000e7380000, 0x0000000100000000)
  eden space 133120K, 0% used [0x00000000d5580000,0x00000000d5580000,0x00000000dd780000)
  from space 5120K, 0% used [0x00000000dd780000,0x00000000dd780000,0x00000000ddc80000)
  to   space 13312K, 0% used [0x00000000e6680000,0x00000000e6680000,0x00000000e7380000)
 ParOldGen       total 57856K, used 11620K [0x0000000080000000, 0x0000000083880000, 0x00000000d5580000)
  object space 57856K, 20% used [0x0000000080000000,0x0000000080b59008,0x0000000083880000)
 Metaspace       used 20598K, capacity 21224K, committed 21296K, reserved 1067008K
  class space    used 2873K, capacity 3076K, committed 3120K, reserved 1048576K
}
Event: 5.326 GC heap before
{Heap before GC invocations=7 (full 1):
 PSYoungGen      total 138240K, used 133120K [0x00000000d5580000, 0x00000000e7380000, 0x0000000100000000)
  eden space 133120K, 100% used [0x00000000d5580000,0x00000000dd780000,0x00000000dd780000)
  from space 5120K, 0% used [0x00000000dd780000,0x00000000dd780000,0x00000000ddc80000)
  to   space 13312K, 0% used [0x00000000e6680000,0x00000000e6680000,0x00000000e7380000)
 ParOldGen       total 57856K, used 11620K [0x0000000080000000, 0x0000000083880000, 0x00000000d5580000)
  object space 57856K, 20% used [0x0000000080000000,0x0000000080b59008,0x0000000083880000)
 Metaspace       used 32960K, capacity 34012K, committed 34224K, reserved 1079296K
  class space    used 4498K, capacity 4757K, committed 4784K, reserved 1048576K
Event: 5.346 GC heap after
Heap after GC invocations=7 (full 1):
 PSYoungGen      total 253952K, used 13292K [0x00000000d5580000, 0x00000000e7380000, 0x0000000100000000)
  eden space 240640K, 0% used [0x00000000d5580000,0x00000000d5580000,0x00000000e4080000)
  from space 13312K, 99% used [0x00000000e6680000,0x00000000e737b1a8,0x00000000e7380000)
  to   space 16384K, 0% used [0x00000000e5380000,0x00000000e5380000,0x00000000e6380000)
 ParOldGen       total 57856K, used 12651K [0x0000000080000000, 0x0000000083880000, 0x00000000d5580000)
  object space 57856K, 21% used [0x0000000080000000,0x0000000080c5aca0,0x0000000083880000)
 Metaspace       used 32960K, capacity 34012K, committed 34224K, reserved 1079296K
  class space    used 4498K, capacity 4757K, committed 4784K, reserved 1048576K
}
Event: 5.599 GC heap before
{Heap before GC invocations=8 (full 1):
 PSYoungGen      total 253952K, used 44762K [0x00000000d5580000, 0x00000000e7380000, 0x0000000100000000)
  eden space 240640K, 13% used [0x00000000d5580000,0x00000000d743b850,0x00000000e4080000)
  from space 13312K, 99% used [0x00000000e6680000,0x00000000e737b1a8,0x00000000e7380000)
  to   space 16384K, 0% used [0x00000000e5380000,0x00000000e5380000,0x00000000e6380000)
 ParOldGen       total 57856K, used 12651K [0x0000000080000000, 0x0000000083880000, 0x00000000d5580000)
  object space 57856K, 21% used [0x0000000080000000,0x0000000080c5aca0,0x0000000083880000)
 Metaspace       used 34260K, capacity 35412K, committed 35496K, reserved 1079296K
  class space    used 4714K, capacity 5001K, committed 5040K, reserved 1048576K
Event: 5.620 GC heap after
Heap after GC invocations=8 (full 1):
 PSYoungGen      total 276480K, used 7900K [0x00000000d5580000, 0x00000000f2100000, 0x0000000100000000)
  eden space 260096K, 0% used [0x00000000d5580000,0x00000000d5580000,0x00000000e5380000)
  from space 16384K, 48% used [0x00000000e5380000,0x00000000e5b37188,0x00000000e6380000)
  to   space 15360K, 0% used [0x00000000f1200000,0x00000000f1200000,0x00000000f2100000)
 ParOldGen       total 57856K, used 12659K [0x0000000080000000, 0x0000000083880000, 0x00000000d5580000)
  object space 57856K, 21% used [0x0000000080000000,0x0000000080c5cca0,0x0000000083880000)
 Metaspace       used 34260K, capacity 35412K, committed 35496K, reserved 1079296K
  class space    used 4714K, capacity 5001K, committed 5040K, reserved 1048576K
}
Event: 5.620 GC heap before
{Heap before GC invocations=9 (full 2):
 PSYoungGen      total 276480K, used 7900K [0x00000000d5580000, 0x00000000f2100000, 0x0000000100000000)
  eden space 260096K, 0% used [0x00000000d5580000,0x00000000d5580000,0x00000000e5380000)
  from space 16384K, 48% used [0x00000000e5380000,0x00000000e5b37188,0x00000000e6380000)
  to   space 15360K, 0% used [0x00000000f1200000,0x00000000f1200000,0x00000000f2100000)
 ParOldGen       total 57856K, used 12659K [0x0000000080000000, 0x0000000083880000, 0x00000000d5580000)
  object space 57856K, 21% used [0x0000000080000000,0x0000000080c5cca0,0x0000000083880000)
 Metaspace       used 34260K, capacity 35412K, committed 35496K, reserved 1079296K
  class space    used 4714K, capacity 5001K, committed 5040K, reserved 1048576K
Event: 5.728 GC heap after
Heap after GC invocations=9 (full 2):
 PSYoungGen      total 276480K, used 0K [0x00000000d5580000, 0x00000000f2100000, 0x0000000100000000)
  eden space 260096K, 0% used [0x00000000d5580000,0x00000000d5580000,0x00000000e5380000)
  from space 16384K, 0% used [0x00000000e5380000,0x00000000e5380000,0x00000000e6380000)
  to   space 15360K, 0% used [0x00000000f1200000,0x00000000f1200000,0x00000000f2100000)
 ParOldGen       total 76288K, used 14295K [0x0000000080000000, 0x0000000084a80000, 0x00000000d5580000)
  object space 76288K, 18% used [0x0000000080000000,0x0000000080df5fa8,0x0000000084a80000)
 Metaspace       used 34260K, capacity 35412K, committed 35496K, reserved 1079296K
  class space    used 4714K, capacity 5001K, committed 5040K, reserved 1048576K
}
Event: 11.570 GC heap before
{Heap before GC invocations=10 (full 2):
 PSYoungGen      total 276480K, used 260096K [0x00000000d5580000, 0x00000000f2100000, 0x0000000100000000)
  eden space 260096K, 100% used [0x00000000d5580000,0x00000000e5380000,0x00000000e5380000)
  from space 16384K, 0% used [0x00000000e5380000,0x00000000e5380000,0x00000000e6380000)
  to   space 15360K, 0% used [0x00000000f1200000,0x00000000f1200000,0x00000000f2100000)
 ParOldGen       total 76288K, used 14295K [0x0000000080000000, 0x0000000084a80000, 0x00000000d5580000)
  object space 76288K, 18% used [0x0000000080000000,0x0000000080df5fa8,0x0000000084a80000)
 Metaspace       used 48534K, capacity 50344K, committed 50728K, reserved 1093632K
  class space    used 6517K, capacity 6886K, committed 6960K, reserved 1048576K
Event: 11.595 GC heap after
Heap after GC invocations=10 (full 2):
 PSYoungGen      total 410112K, used 15334K [0x00000000d5580000, 0x00000000f2100000, 0x0000000100000000)
  eden space 394752K, 0% used [0x00000000d5580000,0x00000000d5580000,0x00000000ed700000)
  from space 15360K, 99% used [0x00000000f1200000,0x00000000f20f9bd0,0x00000000f2100000)
  to   space 20480K, 0% used [0x00000000ef900000,0x00000000ef900000,0x00000000f0d00000)
 ParOldGen       total 76288K, used 20947K [0x0000000080000000, 0x0000000084a80000, 0x00000000d5580000)
  object space 76288K, 27% used [0x0000000080000000,0x0000000081474e50,0x0000000084a80000)
 Metaspace       used 48534K, capacity 50344K, committed 50728K, reserved 1093632K
  class space    used 6517K, capacity 6886K, committed 6960K, reserved 1048576K
}

Deoptimization events (10 events):
Event: 10.379 Thread 0x000000001b56a800 Uncommon trap: reason=unstable_if action=reinterpret pc=0x00000000039c4638 method=java.util.LinkedHashMap.get(Ljava/lang/Object;)Ljava/lang/Object; @ 20
Event: 10.568 Thread 0x000000001b56a800 Uncommon trap: reason=bimorphic action=maybe_recompile pc=0x0000000003bc0f4c method=java.util.regex.Pattern$CharProperty.match(Ljava/util/regex/Matcher;ILjava/lang/CharSequence;)Z @ 18
Event: 10.569 Thread 0x000000001b56a800 Uncommon trap: reason=bimorphic action=maybe_recompile pc=0x0000000003bc0f4c method=java.util.regex.Pattern$CharProperty.match(Ljava/util/regex/Matcher;ILjava/lang/CharSequence;)Z @ 18
Event: 10.569 Thread 0x000000001b56a800 Uncommon trap: reason=bimorphic action=maybe_recompile pc=0x0000000003bc0f4c method=java.util.regex.Pattern$CharProperty.match(Ljava/util/regex/Matcher;ILjava/lang/CharSequence;)Z @ 18
Event: 10.635 Thread 0x000000001b56a800 Uncommon trap: reason=bimorphic action=maybe_recompile pc=0x0000000003bc0f4c method=java.util.regex.Pattern$CharProperty.match(Ljava/util/regex/Matcher;ILjava/lang/CharSequence;)Z @ 18
Event: 11.003 Thread 0x000000001b56a800 Uncommon trap: reason=unstable_if action=reinterpret pc=0x0000000003a400b0 method=org.gradle.internal.reflect.PropertyAccessorType.of(Ljava/lang/reflect/Method;)Lorg/gradle/internal/reflect/PropertyAccessorType; @ 56
Event: 12.212 Thread 0x000000001b56a800 Uncommon trap: reason=unstable_if action=reinterpret pc=0x00000000032d2df4 method=com.sun.org.apache.xerces.internal.impl.XMLEntityScanner.checkBeforeLoad(Lcom/sun/xml/internal/stream/Entity$ScannedEntity;II)I @ 18
Event: 12.484 Thread 0x000000001b56a800 Uncommon trap: reason=unstable_if action=reinterpret pc=0x0000000003cfd6f0 method=org.gradle.internal.instantiation.generator.AbstractClassGenerator$InjectionAnnotationValidator.validateMethod(Ljava/lang/reflect/Method;Lorg/gradle/internal/reflect/Propert
Event: 12.485 Thread 0x000000001b56a800 Uncommon trap: reason=unstable_if action=reinterpret pc=0x0000000003d1e704 method=org.gradle.internal.instantiation.generator.AbstractClassGenerator$InjectionAnnotationValidator.validateMethod(Ljava/lang/reflect/Method;Lorg/gradle/internal/reflect/Propert
Event: 12.643 Thread 0x000000001b56a800 Uncommon trap: reason=null_check action=make_not_entrant pc=0x000000000378291c method=java.lang.Class.searchMethods([Ljava/lang/reflect/Method;Ljava/lang/String;[Ljava/lang/Class;)Ljava/lang/reflect/Method; @ 59

Classes redefined (0 events):
No events

Internal exceptions (10 events):
Event: 13.005 Thread 0x000000001b56a800 Exception <a 'java/lang/ClassNotFoundException': build_28dodexqmj5kf6dombghq54wu$_run_closure1BeanInfo> (0x00000000d77f6720) thrown at [C:\src\AOSP-openjdk-git\hotspot\src\share\vm\classfile\systemDictionary.cpp, line 210]
Event: 13.005 Thread 0x000000001b56a800 Exception <a 'java/lang/ClassNotFoundException': build_28dodexqmj5kf6dombghq54wu$_run_closure1Customizer> (0x00000000d7807488) thrown at [C:\src\AOSP-openjdk-git\hotspot\src\share\vm\classfile\systemDictionary.cpp, line 210]
Event: 13.012 Thread 0x000000001b56a800 Exception <a 'java/lang/ClassNotFoundException': org/gradle/api/JavaVersionBeanInfo> (0x00000000d7872e98) thrown at [C:\src\AOSP-openjdk-git\hotspot\src\share\vm\classfile\systemDictionary.cpp, line 210]
Event: 13.012 Thread 0x000000001b56a800 Exception <a 'java/lang/ClassNotFoundException': java/lang/EnumBeanInfo> (0x00000000d787cce8) thrown at [C:\src\AOSP-openjdk-git\hotspot\src\share\vm\classfile\systemDictionary.cpp, line 210]
Event: 13.013 Thread 0x000000001b56a800 Exception <a 'java/lang/ClassNotFoundException': java/lang/EnumCustomizer> (0x00000000d7886f90) thrown at [C:\src\AOSP-openjdk-git\hotspot\src\share\vm\classfile\systemDictionary.cpp, line 210]
Event: 13.015 Thread 0x000000001b56a800 Exception <a 'java/lang/ClassNotFoundException': org/gradle/api/JavaVersionCustomizer> (0x00000000d78bc058) thrown at [C:\src\AOSP-openjdk-git\hotspot\src\share\vm\classfile\systemDictionary.cpp, line 210]
Event: 13.146 Thread 0x000000001b56a800 Exception <a 'java/lang/ClassNotFoundException': com/android/build/gradle/internal/CompileOptions_DecoratedBeanInfo> (0x00000000d791c218) thrown at [C:\src\AOSP-openjdk-git\hotspot\src\share\vm\classfile\systemDictionary.cpp, line 210]
Event: 13.146 Thread 0x000000001b56a800 Exception <a 'java/lang/ClassNotFoundException': com/android/build/gradle/internal/CompileOptionsBeanInfo> (0x00000000d7937458) thrown at [C:\src\AOSP-openjdk-git\hotspot\src\share\vm\classfile\systemDictionary.cpp, line 210]
Event: 13.147 Thread 0x000000001b56a800 Exception <a 'java/lang/ClassNotFoundException': com/android/build/gradle/internal/CompileOptionsCustomizer> (0x00000000d7952890) thrown at [C:\src\AOSP-openjdk-git\hotspot\src\share\vm\classfile\systemDictionary.cpp, line 210]
Event: 13.148 Thread 0x000000001b56a800 Exception <a 'java/lang/ClassNotFoundException': com/android/build/gradle/internal/CompileOptions_DecoratedCustomizer> (0x00000000d7982ed8) thrown at [C:\src\AOSP-openjdk-git\hotspot\src\share\vm\classfile\systemDictionary.cpp, line 210]

Events (10 events):
Event: 13.978 loading class com/android/build/gradle/internal/tasks/ExtractNativeDebugMetadataTask$CreationAction
Event: 13.978 loading class com/android/build/gradle/internal/tasks/ExtractNativeDebugMetadataTask$CreationAction done
Event: 13.978 loading class com/android/build/gradle/internal/tasks/ExtractNativeDebugMetadataTask$SymbolTableCreationAction
Event: 13.978 loading class com/android/build/gradle/internal/tasks/ExtractNativeDebugMetadataTask$SymbolTableCreationAction done
Event: 13.979 loading class com/android/build/gradle/internal/tasks/featuresplit/PackagedDependenciesWriterTask$CreationAction
Event: 13.979 loading class com/android/build/gradle/internal/tasks/featuresplit/PackagedDependenciesWriterTask$CreationAction done
Event: 13.979 loading class com/android/build/gradle/internal/tasks/ApkZipPackagingTask$CreationAction
Event: 13.979 loading class com/android/build/gradle/internal/tasks/ApkZipPackagingTask$CreationAction done
Event: 13.980 loading class com/android/build/gradle/internal/tasks/ModuleMetadataWriterTask$CreationAction
Event: 13.980 loading class com/android/build/gradle/internal/tasks/ModuleMetadataWriterTask$CreationAction done


Dynamic libraries:
0x00007ff7a2150000 - 0x00007ff7a2181000 	C:\Program Files\Android\Android Studio\jre\bin\java.exe
0x00007ffd394a0000 - 0x00007ffd3968d000 	C:\Windows\SYSTEM32\ntdll.dll
0x00007ffd38cc0000 - 0x00007ffd38d73000 	C:\Windows\System32\KERNEL32.DLL
0x00007ffd35650000 - 0x00007ffd358e5000 	C:\Windows\System32\KERNELBASE.dll
0x00007ffd39250000 - 0x00007ffd392f3000 	C:\Windows\System32\ADVAPI32.dll
0x00007ffd393d0000 - 0x00007ffd3946e000 	C:\Windows\System32\msvcrt.dll
0x00007ffd366c0000 - 0x00007ffd3675e000 	C:\Windows\System32\sechost.dll
0x00007ffd36760000 - 0x00007ffd36882000 	C:\Windows\System32\RPCRT4.dll
0x00007ffd390b0000 - 0x00007ffd39247000 	C:\Windows\System32\USER32.dll
0x00007ffd36650000 - 0x00007ffd36670000 	C:\Windows\System32\win32u.dll
0x00007ffd38d80000 - 0x00007ffd38da9000 	C:\Windows\System32\GDI32.dll
0x00007ffd35cf0000 - 0x00007ffd35e8c000 	C:\Windows\System32\gdi32full.dll
0x00007ffd35c20000 - 0x00007ffd35cc0000 	C:\Windows\System32\msvcp_win.dll
0x00007ffd35550000 - 0x00007ffd3564a000 	C:\Windows\System32\ucrtbase.dll
0x00007ffd27a10000 - 0x00007ffd27c89000 	C:\Windows\WinSxS\amd64_microsoft.windows.common-controls_6595b64144ccf1df_6.0.17763.1518_none_de6e2bd0534e2567\COMCTL32.dll
0x00007ffd387f0000 - 0x00007ffd38b1d000 	C:\Windows\System32\combase.dll
0x00007ffd35af0000 - 0x00007ffd35b6e000 	C:\Windows\System32\bcryptPrimitives.dll
0x00007ffd36b50000 - 0x00007ffd36b7e000 	C:\Windows\System32\IMM32.DLL
0x000000005e180000 - 0x000000005e252000 	C:\Program Files\Android\Android Studio\jre\jre\bin\msvcr100.dll
0x000000005edb0000 - 0x000000005f5fb000 	C:\Program Files\Android\Android Studio\jre\jre\bin\server\jvm.dll
0x00007ffd38db0000 - 0x00007ffd38db8000 	C:\Windows\System32\PSAPI.DLL
0x00007ffd29ea0000 - 0x00007ffd29eaa000 	C:\Windows\SYSTEM32\VERSION.dll
0x00007ffd31d20000 - 0x00007ffd31d44000 	C:\Windows\SYSTEM32\WINMM.dll
0x00007ffd29cd0000 - 0x00007ffd29cd9000 	C:\Windows\SYSTEM32\WSOCK32.dll
0x00007ffd31cf0000 - 0x00007ffd31d1d000 	C:\Windows\SYSTEM32\WINMMBASE.dll
0x00007ffd36670000 - 0x00007ffd366ba000 	C:\Windows\System32\cfgmgr32.dll
0x00007ffd39300000 - 0x00007ffd3936d000 	C:\Windows\System32\WS2_32.dll
0x00007ffd29b50000 - 0x00007ffd29b5f000 	C:\Program Files\Android\Android Studio\jre\jre\bin\verify.dll
0x00007ffd29490000 - 0x00007ffd294b9000 	C:\Program Files\Android\Android Studio\jre\jre\bin\java.dll
0x00007ffd29470000 - 0x00007ffd29486000 	C:\Program Files\Android\Android Studio\jre\jre\bin\zip.dll
0x00007ffd36b80000 - 0x00007ffd38079000 	C:\Windows\System32\SHELL32.dll
0x00007ffd36aa0000 - 0x00007ffd36b48000 	C:\Windows\System32\shcore.dll
0x00007ffd35e90000 - 0x00007ffd365e2000 	C:\Windows\System32\windows.storage.dll
0x00007ffd35500000 - 0x00007ffd35524000 	C:\Windows\System32\profapi.dll
0x00007ffd354a0000 - 0x00007ffd354fd000 	C:\Windows\System32\powrprof.dll
0x00007ffd38b20000 - 0x00007ffd38b72000 	C:\Windows\System32\shlwapi.dll
0x00007ffd35480000 - 0x00007ffd35491000 	C:\Windows\System32\kernel.appcore.dll
0x00007ffd35ad0000 - 0x00007ffd35ae7000 	C:\Windows\System32\cryptsp.dll
0x00007ffd293a0000 - 0x00007ffd293ba000 	C:\Program Files\Android\Android Studio\jre\jre\bin\net.dll
0x00007ffd34a40000 - 0x00007ffd34aa7000 	C:\Windows\system32\mswsock.dll
0x00007ffd29380000 - 0x00007ffd29393000 	C:\Program Files\Android\Android Studio\jre\jre\bin\nio.dll
0x00007ffd23b40000 - 0x00007ffd23b67000 	C:\Users\stigboss\.gradle\native\f6784746aeab05261644944871eae4fe03e0ef1612fff0a4a95f87b438bc6780\windows-amd64\native-platform.dll
0x00007ffd29460000 - 0x00007ffd2946d000 	C:\Program Files\Android\Android Studio\jre\jre\bin\management.dll
0x00007ffd344b0000 - 0x00007ffd344e3000 	C:\Windows\system32\rsaenh.dll
0x00007ffd35cc0000 - 0x00007ffd35ce6000 	C:\Windows\System32\bcrypt.dll
0x00007ffd353b0000 - 0x00007ffd353d9000 	C:\Windows\SYSTEM32\USERENV.dll
0x00007ffd34b00000 - 0x00007ffd34b0c000 	C:\Windows\SYSTEM32\CRYPTBASE.dll
0x00007ffd34650000 - 0x00007ffd3468d000 	C:\Windows\SYSTEM32\IPHLPAPI.DLL
0x00007ffd38580000 - 0x00007ffd38588000 	C:\Windows\System32\NSI.dll
0x00007ffd27ec0000 - 0x00007ffd27ed6000 	C:\Windows\SYSTEM32\dhcpcsvc6.DLL
0x00007ffd28190000 - 0x00007ffd281ac000 	C:\Windows\SYSTEM32\dhcpcsvc.DLL
0x00007ffd34690000 - 0x00007ffd34757000 	C:\Windows\SYSTEM32\DNSAPI.dll
0x00007ffd28b40000 - 0x00007ffd28b4b000 	C:\Windows\SYSTEM32\WINNSI.DLL

VM Arguments:
jvm_args: -Xmx2048m -Dfile.encoding=UTF-8 -Duser.country=US -Duser.language=en -Duser.variant 
java_command: org.gradle.launcher.daemon.bootstrap.GradleDaemon 6.5
java_class_path (initial): C:\Users\stigboss\.gradle\wrapper\dists\gradle-6.5-bin\6nifqtx7604sqp1q6g8wikw7p\gradle-6.5\lib\gradle-launcher-6.5.jar
Launcher Type: SUN_STANDARD

Environment Variables:
PATH=C:\Program Files\Common Files\Oracle\Java\javapath;C:\Program Files (x86)\Common Files\Oracle\Java\javapath;C:\Windows\system32;C:\Windows;C:\Windows\System32\Wbem;C:\Windows\System32\WindowsPowerShell\v1.0\;C:\Windows\System32\OpenSSH\;C:\Program Files\Intel\WiFi\bin\;C:\Program Files\Common Files\Intel\WirelessCommon\;C:\Program Files\dotnet\;C:\Program Files\Microsoft SQL Server\130\Tools\Binn\;C:\Program Files\Microsoft SQL Server\Client SDK\ODBC\170\Tools\Binn\;C:\Program Files (x86)\NVIDIA Corporation\PhysX\Common;C:\Program Files\NVIDIA Corporation\NVIDIA NvDLISR;C:\Program Files\Git\cmd;C:\Users\stigboss\AppData\Local\Microsoft\WindowsApps;
USERNAME=stigboss
OS=Windows_NT
PROCESSOR_IDENTIFIER=Intel64 Family 6 Model 142 Stepping 10, GenuineIntel



---------------  S Y S T E M  ---------------

OS: Windows 10.0 , 64 bit Build 17763 (10.0.17763.475)

CPU:total 4 (initial active 4) (2 cores per cpu, 2 threads per core) family 6 model 142 stepping 10, cmov, cx8, fxsr, mmx, sse, sse2, sse3, ssse3, sse4.1, sse4.2, popcnt, avx, avx2, aes, clmul, erms, 3dnowpref, lzcnt, ht, tsc, tscinvbit, bmi1, bmi2, adx

Memory: 4k page, physical 8263988k(530120k free), swap 9083188k(256k free)

vm_info: OpenJDK 64-Bit Server VM (25.242-b01) for windows-amd64 JRE (1.8.0_242-release-1644-b01), built by "builder" with MS VC++ 10.0 (VS2010)

time: Sun Nov 08 09:29:21 2020
timezone: FLE Standard Time
elapsed time: 14 seconds (0d 0h 0m 14s)

